<?xml version="1.0" encoding="UTF-8"?>
<testsuite xmlns:xsi="http://www.w3.org/2001/XMLSchema-instance" xsi:noNamespaceSchemaLocation="https://maven.apache.org/surefire/maven-surefire-plugin/xsd/surefire-test-report-3.0.xsd" version="3.0" name="org.apache.commons.lang3.ArrayUtilsRemoveMultipleTest" time="0.016" tests="55" errors="0" skipped="0" failures="0">
  <properties>
    <property name="gopherProxySet" value="false"/>
    <property name="awt.toolkit" value="sun.lwawt.macosx.LWCToolkit"/>
    <property name="file.encoding.pkg" value="sun.io"/>
    <property name="java.specification.version" value="1.8"/>
    <property name="sun.cpu.isalist" value=""/>
    <property name="sun.jnu.encoding" value="UTF-8"/>
    <property name="java.class.path" value="/Users/yashgolwala/Desktop/workspace/commons-lang-master/target/test-classes:/Users/yashgolwala/Desktop/workspace/commons-lang-master/target/classes:/Users/yashgolwala/.m2/repository/org/junit/jupiter/junit-jupiter/5.4.2/junit-jupiter-5.4.2.jar:/Users/yashgolwala/.m2/repository/org/junit/jupiter/junit-jupiter-api/5.4.2/junit-jupiter-api-5.4.2.jar:/Users/yashgolwala/.m2/repository/org/apiguardian/apiguardian-api/1.0.0/apiguardian-api-1.0.0.jar:/Users/yashgolwala/.m2/repository/org/opentest4j/opentest4j/1.1.1/opentest4j-1.1.1.jar:/Users/yashgolwala/.m2/repository/org/junit/platform/junit-platform-commons/1.4.2/junit-platform-commons-1.4.2.jar:/Users/yashgolwala/.m2/repository/org/junit/jupiter/junit-jupiter-params/5.4.2/junit-jupiter-params-5.4.2.jar:/Users/yashgolwala/.m2/repository/org/junit/jupiter/junit-jupiter-engine/5.4.2/junit-jupiter-engine-5.4.2.jar:/Users/yashgolwala/.m2/repository/org/junit/platform/junit-platform-engine/1.4.2/junit-platform-engine-1.4.2.jar:/Users/yashgolwala/.m2/repository/org/junit-pioneer/junit-pioneer/0.3.0/junit-pioneer-0.3.0.jar:/Users/yashgolwala/.m2/repository/org/hamcrest/hamcrest/2.1/hamcrest-2.1.jar:/Users/yashgolwala/.m2/repository/org/easymock/easymock/4.0.2/easymock-4.0.2.jar:/Users/yashgolwala/.m2/repository/org/objenesis/objenesis/3.0.1/objenesis-3.0.1.jar:/Users/yashgolwala/.m2/repository/org/openjdk/jmh/jmh-core/1.21/jmh-core-1.21.jar:/Users/yashgolwala/.m2/repository/net/sf/jopt-simple/jopt-simple/4.6/jopt-simple-4.6.jar:/Users/yashgolwala/.m2/repository/org/apache/commons/commons-math3/3.2/commons-math3-3.2.jar:/Users/yashgolwala/.m2/repository/org/openjdk/jmh/jmh-generator-annprocess/1.21/jmh-generator-annprocess-1.21.jar:"/>
    <property name="java.vm.vendor" value="Oracle Corporation"/>
    <property name="sun.arch.data.model" value="64"/>
    <property name="java.vendor.url" value="http://java.oracle.com/"/>
    <property name="user.timezone" value=""/>
    <property name="java.vm.specification.version" value="1.8"/>
    <property name="os.name" value="Mac OS X"/>
    <property name="user.country" value="CA"/>
    <property name="sun.java.launcher" value="SUN_STANDARD"/>
    <property name="sun.boot.library.path" value="/Library/Java/JavaVirtualMachines/jdk1.8.0_181.jdk/Contents/Home/jre/lib"/>
    <property name="sun.java.command" value="/Users/yashgolwala/Desktop/workspace/commons-lang-master/target/surefire/surefirebooter660487190796514269.jar /Users/yashgolwala/Desktop/workspace/commons-lang-master/target/surefire 2019-05-30T14-42-07_904-jvmRun1 surefire8163551335075047990tmp surefire_0990693527791553849tmp"/>
    <property name="http.nonProxyHosts" value="local|*.local|169.254/16|*.169.254/16"/>
    <property name="surefire.test.class.path" value="/Users/yashgolwala/Desktop/workspace/commons-lang-master/target/test-classes:/Users/yashgolwala/Desktop/workspace/commons-lang-master/target/classes:/Users/yashgolwala/.m2/repository/org/junit/jupiter/junit-jupiter/5.4.2/junit-jupiter-5.4.2.jar:/Users/yashgolwala/.m2/repository/org/junit/jupiter/junit-jupiter-api/5.4.2/junit-jupiter-api-5.4.2.jar:/Users/yashgolwala/.m2/repository/org/apiguardian/apiguardian-api/1.0.0/apiguardian-api-1.0.0.jar:/Users/yashgolwala/.m2/repository/org/opentest4j/opentest4j/1.1.1/opentest4j-1.1.1.jar:/Users/yashgolwala/.m2/repository/org/junit/platform/junit-platform-commons/1.4.2/junit-platform-commons-1.4.2.jar:/Users/yashgolwala/.m2/repository/org/junit/jupiter/junit-jupiter-params/5.4.2/junit-jupiter-params-5.4.2.jar:/Users/yashgolwala/.m2/repository/org/junit/jupiter/junit-jupiter-engine/5.4.2/junit-jupiter-engine-5.4.2.jar:/Users/yashgolwala/.m2/repository/org/junit/platform/junit-platform-engine/1.4.2/junit-platform-engine-1.4.2.jar:/Users/yashgolwala/.m2/repository/org/junit-pioneer/junit-pioneer/0.3.0/junit-pioneer-0.3.0.jar:/Users/yashgolwala/.m2/repository/org/hamcrest/hamcrest/2.1/hamcrest-2.1.jar:/Users/yashgolwala/.m2/repository/org/easymock/easymock/4.0.2/easymock-4.0.2.jar:/Users/yashgolwala/.m2/repository/org/objenesis/objenesis/3.0.1/objenesis-3.0.1.jar:/Users/yashgolwala/.m2/repository/org/openjdk/jmh/jmh-core/1.21/jmh-core-1.21.jar:/Users/yashgolwala/.m2/repository/net/sf/jopt-simple/jopt-simple/4.6/jopt-simple-4.6.jar:/Users/yashgolwala/.m2/repository/org/apache/commons/commons-math3/3.2/commons-math3-3.2.jar:/Users/yashgolwala/.m2/repository/org/openjdk/jmh/jmh-generator-annprocess/1.21/jmh-generator-annprocess-1.21.jar:"/>
    <property name="sun.cpu.endian" value="little"/>
    <property name="user.home" value="/Users/yashgolwala"/>
    <property name="user.language" value="en"/>
    <property name="java.specification.vendor" value="Oracle Corporation"/>
    <property name="java.home" value="/Library/Java/JavaVirtualMachines/jdk1.8.0_181.jdk/Contents/Home/jre"/>
    <property name="basedir" value="/Users/yashgolwala/Desktop/workspace/commons-lang-master"/>
    <property name="file.separator" value="/"/>
    <property name="line.separator" value="&#10;"/>
    <property name="java.vm.specification.vendor" value="Oracle Corporation"/>
    <property name="java.specification.name" value="Java Platform API Specification"/>
    <property name="java.awt.graphicsenv" value="sun.awt.CGraphicsEnvironment"/>
    <property name="surefire.real.class.path" value="/Users/yashgolwala/Desktop/workspace/commons-lang-master/target/surefire/surefirebooter660487190796514269.jar:/Users/yashgolwala/.m2/repository/org/jacoco/org.jacoco.agent/0.8.3/org.jacoco.agent-0.8.3-runtime.jar"/>
    <property name="sun.boot.class.path" value="/Library/Java/JavaVirtualMachines/jdk1.8.0_181.jdk/Contents/Home/jre/lib/resources.jar:/Library/Java/JavaVirtualMachines/jdk1.8.0_181.jdk/Contents/Home/jre/lib/rt.jar:/Library/Java/JavaVirtualMachines/jdk1.8.0_181.jdk/Contents/Home/jre/lib/sunrsasign.jar:/Library/Java/JavaVirtualMachines/jdk1.8.0_181.jdk/Contents/Home/jre/lib/jsse.jar:/Library/Java/JavaVirtualMachines/jdk1.8.0_181.jdk/Contents/Home/jre/lib/jce.jar:/Library/Java/JavaVirtualMachines/jdk1.8.0_181.jdk/Contents/Home/jre/lib/charsets.jar:/Library/Java/JavaVirtualMachines/jdk1.8.0_181.jdk/Contents/Home/jre/lib/jfr.jar:/Library/Java/JavaVirtualMachines/jdk1.8.0_181.jdk/Contents/Home/jre/classes"/>
    <property name="sun.management.compiler" value="HotSpot 64-Bit Tiered Compilers"/>
    <property name="ftp.nonProxyHosts" value="local|*.local|169.254/16|*.169.254/16"/>
    <property name="java.runtime.version" value="1.8.0_181-b13"/>
    <property name="user.name" value="yashgolwala"/>
    <property name="path.separator" value=":"/>
    <property name="os.version" value="10.14.5"/>
    <property name="java.endorsed.dirs" value="/Library/Java/JavaVirtualMachines/jdk1.8.0_181.jdk/Contents/Home/jre/lib/endorsed"/>
    <property name="java.runtime.name" value="Java(TM) SE Runtime Environment"/>
    <property name="file.encoding" value="UTF-8"/>
    <property name="java.vm.name" value="Java HotSpot(TM) 64-Bit Server VM"/>
    <property name="localRepository" value="/Users/yashgolwala/.m2/repository"/>
    <property name="java.vendor.url.bug" value="http://bugreport.sun.com/bugreport/"/>
    <property name="java.io.tmpdir" value="/var/folders/kk/3nm1jc796n12wkpg2k1r_r200000gn/T/"/>
    <property name="java.version" value="1.8.0_181"/>
    <property name="user.dir" value="/Users/yashgolwala/Desktop/workspace/commons-lang-master"/>
    <property name="os.arch" value="x86_64"/>
    <property name="java.vm.specification.name" value="Java Virtual Machine Specification"/>
    <property name="java.awt.printerjob" value="sun.lwawt.macosx.CPrinterJob"/>
    <property name="sun.os.patch.level" value="unknown"/>
    <property name="java.library.path" value="/Users/yashgolwala/Library/Java/Extensions:/Library/Java/Extensions:/Network/Library/Java/Extensions:/System/Library/Java/Extensions:/usr/lib/java:."/>
    <property name="java.vm.info" value="mixed mode"/>
    <property name="java.vendor" value="Oracle Corporation"/>
    <property name="java.vm.version" value="25.181-b13"/>
    <property name="java.ext.dirs" value="/Users/yashgolwala/Library/Java/Extensions:/Library/Java/JavaVirtualMachines/jdk1.8.0_181.jdk/Contents/Home/jre/lib/ext:/Library/Java/Extensions:/Network/Library/Java/Extensions:/System/Library/Java/Extensions:/usr/lib/java"/>
    <property name="sun.io.unicode.encoding" value="UnicodeBig"/>
    <property name="java.class.version" value="52.0"/>
    <property name="socksNonProxyHosts" value="local|*.local|169.254/16|*.169.254/16"/>
  </properties>
  <testcase name="testRemoveAllBooleanArray" classname="org.apache.commons.lang3.ArrayUtilsRemoveMultipleTest" time="0"/>
  <testcase name="testRemoveAllNullShortArray" classname="org.apache.commons.lang3.ArrayUtilsRemoveMultipleTest" time="0"/>
  <testcase name="testRemoveElementsObjectArray" classname="org.apache.commons.lang3.ArrayUtilsRemoveMultipleTest" time="0"/>
  <testcase name="testRemoveAllFloatArrayNegativeIndex" classname="org.apache.commons.lang3.ArrayUtilsRemoveMultipleTest" time="0.001"/>
  <testcase name="testRemoveAllByteArrayRemoveNone" classname="org.apache.commons.lang3.ArrayUtilsRemoveMultipleTest" time="0"/>
  <testcase name="testRemoveAllIntArrayRemoveNone" classname="org.apache.commons.lang3.ArrayUtilsRemoveMultipleTest" time="0"/>
  <testcase name="testRemoveAllLongArrayOutOfBoundsIndex" classname="org.apache.commons.lang3.ArrayUtilsRemoveMultipleTest" time="0"/>
  <testcase name="testRemoveAllShortArrayNegativeIndex" classname="org.apache.commons.lang3.ArrayUtilsRemoveMultipleTest" time="0.001"/>
  <testcase name="testRemoveAllObjectArrayOutOfBoundsIndex" classname="org.apache.commons.lang3.ArrayUtilsRemoveMultipleTest" time="0"/>
  <testcase name="testRemoveAllDoubleArrayRemoveNone" classname="org.apache.commons.lang3.ArrayUtilsRemoveMultipleTest" time="0"/>
  <testcase name="testRemoveAllNullByteArray" classname="org.apache.commons.lang3.ArrayUtilsRemoveMultipleTest" time="0.001"/>
  <testcase name="testRemoveElementLongArray" classname="org.apache.commons.lang3.ArrayUtilsRemoveMultipleTest" time="0"/>
  <testcase name="testRemoveAllNullDoubleArray" classname="org.apache.commons.lang3.ArrayUtilsRemoveMultipleTest" time="0"/>
  <testcase name="testRemoveAllDoubleArrayOutOfBoundsIndex" classname="org.apache.commons.lang3.ArrayUtilsRemoveMultipleTest" time="0"/>
  <testcase name="testRemoveAllNullObjectArray" classname="org.apache.commons.lang3.ArrayUtilsRemoveMultipleTest" time="0"/>
  <testcase name="testRemoveAllCharArrayRemoveNone" classname="org.apache.commons.lang3.ArrayUtilsRemoveMultipleTest" time="0"/>
  <testcase name="testRemoveAllLongArrayRemoveNone" classname="org.apache.commons.lang3.ArrayUtilsRemoveMultipleTest" time="0"/>
  <testcase name="testRemoveAllObjectArrayNegativeIndex" classname="org.apache.commons.lang3.ArrayUtilsRemoveMultipleTest" time="0.001"/>
  <testcase name="testRemoveAllShortArrayOutOfBoundsIndex" classname="org.apache.commons.lang3.ArrayUtilsRemoveMultipleTest" time="0"/>
  <testcase name="testRemoveElementBooleanArray" classname="org.apache.commons.lang3.ArrayUtilsRemoveMultipleTest" time="0.001"/>
  <testcase name="testRemoveAllShortArrayRemoveNone" classname="org.apache.commons.lang3.ArrayUtilsRemoveMultipleTest" time="0"/>
  <testcase name="testRemoveAllNumberArray" classname="org.apache.commons.lang3.ArrayUtilsRemoveMultipleTest" time="0"/>
  <testcase name="testRemoveAllCharArray" classname="org.apache.commons.lang3.ArrayUtilsRemoveMultipleTest" time="0"/>
  <testcase name="testRemoveAllFloatArrayOutOfBoundsIndex" classname="org.apache.commons.lang3.ArrayUtilsRemoveMultipleTest" time="0"/>
  <testcase name="testRemoveAllShortArray" classname="org.apache.commons.lang3.ArrayUtilsRemoveMultipleTest" time="0"/>
  <testcase name="testRemoveAllNullBooleanArray" classname="org.apache.commons.lang3.ArrayUtilsRemoveMultipleTest" time="0"/>
  <testcase name="testRemoveAllNullIntArray" classname="org.apache.commons.lang3.ArrayUtilsRemoveMultipleTest" time="0.001"/>
  <testcase name="testRemoveElementFloatArray" classname="org.apache.commons.lang3.ArrayUtilsRemoveMultipleTest" time="0"/>
  <testcase name="testRemoveAllFloatArrayRemoveNone" classname="org.apache.commons.lang3.ArrayUtilsRemoveMultipleTest" time="0"/>
  <testcase name="testRemoveElementIntArray" classname="org.apache.commons.lang3.ArrayUtilsRemoveMultipleTest" time="0.001"/>
  <testcase name="testRemoveAllNullFloatArray" classname="org.apache.commons.lang3.ArrayUtilsRemoveMultipleTest" time="0"/>
  <testcase name="testRemoveAllBooleanArrayOutOfBoundsIndex" classname="org.apache.commons.lang3.ArrayUtilsRemoveMultipleTest" time="0.001"/>
  <testcase name="testRemoveAllByteArrayOutOfBoundsIndex" classname="org.apache.commons.lang3.ArrayUtilsRemoveMultipleTest" time="0"/>
  <testcase name="testRemoveAllByteArray" classname="org.apache.commons.lang3.ArrayUtilsRemoveMultipleTest" time="0"/>
  <testcase name="testRemoveElementCharArray" classname="org.apache.commons.lang3.ArrayUtilsRemoveMultipleTest" time="0"/>
  <testcase name="testRemoveAllCharArrayOutOfBoundsIndex" classname="org.apache.commons.lang3.ArrayUtilsRemoveMultipleTest" time="0.001"/>
  <testcase name="testRemoveAllLongArrayNegativeIndex" classname="org.apache.commons.lang3.ArrayUtilsRemoveMultipleTest" time="0"/>
  <testcase name="testRemoveAllCharArrayNegativeIndex" classname="org.apache.commons.lang3.ArrayUtilsRemoveMultipleTest" time="0"/>
  <testcase name="testRemoveAllIntArray" classname="org.apache.commons.lang3.ArrayUtilsRemoveMultipleTest" time="0"/>
  <testcase name="testRemoveAllByteArrayNegativeIndex" classname="org.apache.commons.lang3.ArrayUtilsRemoveMultipleTest" time="0.001"/>
  <testcase name="testRemoveAllNullLongArray" classname="org.apache.commons.lang3.ArrayUtilsRemoveMultipleTest" time="0"/>
  <testcase name="testRemoveAllIntArrayOutOfBoundsIndex" classname="org.apache.commons.lang3.ArrayUtilsRemoveMultipleTest" time="0"/>
  <testcase name="testRemoveElementByteArray" classname="org.apache.commons.lang3.ArrayUtilsRemoveMultipleTest" time="0.001"/>
  <testcase name="testRemoveAllBooleanArrayNegativeIndex" classname="org.apache.commons.lang3.ArrayUtilsRemoveMultipleTest" time="0"/>
  <testcase name="testRemoveAllObjectArrayRemoveNone" classname="org.apache.commons.lang3.ArrayUtilsRemoveMultipleTest" time="0"/>
  <testcase name="testRemoveAllDoubleArray" classname="org.apache.commons.lang3.ArrayUtilsRemoveMultipleTest" time="0"/>
  <testcase name="testRemoveAllBooleanArrayRemoveNone" classname="org.apache.commons.lang3.ArrayUtilsRemoveMultipleTest" time="0"/>
  <testcase name="testRemoveAllFloatArray" classname="org.apache.commons.lang3.ArrayUtilsRemoveMultipleTest" time="0"/>
  <testcase name="testRemoveAllObjectArray" classname="org.apache.commons.lang3.ArrayUtilsRemoveMultipleTest" time="0.001"/>
  <testcase name="testRemoveAllIntArrayNegativeIndex" classname="org.apache.commons.lang3.ArrayUtilsRemoveMultipleTest" time="0"/>
  <testcase name="testRemoveAllDoubleArrayNegativeIndex" classname="org.apache.commons.lang3.ArrayUtilsRemoveMultipleTest" time="0"/>
  <testcase name="testRemoveElementDoubleArray" classname="org.apache.commons.lang3.ArrayUtilsRemoveMultipleTest" time="0"/>
  <testcase name="testRemoveAllNullCharArray" classname="org.apache.commons.lang3.ArrayUtilsRemoveMultipleTest" time="0.001"/>
  <testcase name="testRemoveElementShortArray" classname="org.apache.commons.lang3.ArrayUtilsRemoveMultipleTest" time="0"/>
  <testcase name="testRemoveAllLongArray" classname="org.apache.commons.lang3.ArrayUtilsRemoveMultipleTest" time="0"/>
</testsuite>