version https://git-lfs.github.com/spec/v1
oid sha256:de71d3f1cab2f20b4be6f3a9c60c06fae03c1488a7bee563b7505d94b4892b7d
size 4677
